<?xml version="1.0" encoding="UTF-8"?>
<!-- Generated by org.testng.reporters.JUnitReportReporter -->
<testsuite skipped="0" hostname="DESKTOP-8N9RN6O" name="test.LoginTest" tests="1" failures="0" timestamp="29 Sep 2020 16:42:27 GMT" time="10.350" errors="0">
  <testcase name="validUserShouldBeAbleToLogin" time="10.350" classname="test.LoginTest"/>
</testsuite> <!-- test.LoginTest -->
