<?xml version="1.0" encoding="UTF-8"?>
<!-- Generated by org.testng.reporters.JUnitReportReporter -->
<testsuite skipped="0" hostname="DESKTOP-8N9RN6O" name="test.AddCustomerTest" tests="1" failures="0" timestamp="28 Oct 2020 01:22:15 GMT" time="25.294" errors="0">
  <testcase name="validUserShouldBeAbleToAddCustomer" time="25.294" classname="test.AddCustomerTest"/>
</testsuite> <!-- test.AddCustomerTest -->
