<?xml version="1.0" encoding="UTF-8"?>
<!-- Generated by org.testng.reporters.JUnitReportReporter -->
<testsuite skipped="0" hostname="DESKTOP-8N9RN6O" name="test.LoginTest" tests="1" failures="0" timestamp="28 Oct 2020 01:22:15 GMT" time="9.386" errors="0">
  <testcase name="validUserShouldBeAbleToLogin" time="9.386" classname="test.LoginTest"/>
</testsuite> <!-- test.LoginTest -->
